   1              		.syntax unified
   2              		.cpu cortex-m3
   3              		.fpu softvfp
   4              		.eabi_attribute 20, 1
   5              		.eabi_attribute 21, 1
   6              		.eabi_attribute 23, 3
   7              		.eabi_attribute 24, 1
   8              		.eabi_attribute 25, 1
   9              		.eabi_attribute 26, 1
  10              		.eabi_attribute 30, 2
  11              		.eabi_attribute 18, 4
  12              		.thumb
  13              		.file	"Hw_I2C.c"
  21              	.Ltext0:
  22              		.cfi_sections	.debug_frame
  23              		.section	.text.Hw_I2C_Init,"ax",%progbits
  24              		.align	2
  25              		.global	Hw_I2C_Init
  26              		.thumb
  27              		.thumb_func
  29              	Hw_I2C_Init:
  30              	.LFB0:
  31              		.file 1 "../LIB_HW/Hw_I2C.c"
   1:../LIB_HW/Hw_I2C.c **** //----------------------------------------------------------------------------
   2:../LIB_HW/Hw_I2C.c **** //    프로그램명 	: I2C 관련 함수
   3:../LIB_HW/Hw_I2C.c **** //
   4:../LIB_HW/Hw_I2C.c **** //    만든이     	: 
   5:../LIB_HW/Hw_I2C.c **** //
   6:../LIB_HW/Hw_I2C.c **** //    날  짜     	: 
   7:../LIB_HW/Hw_I2C.c **** //    
   8:../LIB_HW/Hw_I2C.c **** //    최종 수정  	:
   9:../LIB_HW/Hw_I2C.c **** //
  10:../LIB_HW/Hw_I2C.c **** //    MPU_Type		:
  11:../LIB_HW/Hw_I2C.c **** //
  12:../LIB_HW/Hw_I2C.c **** //    파일명     	: Hw_I2C.c
  13:../LIB_HW/Hw_I2C.c **** //----------------------------------------------------------------------------
  14:../LIB_HW/Hw_I2C.c **** 
  15:../LIB_HW/Hw_I2C.c **** 
  16:../LIB_HW/Hw_I2C.c **** //----- 헤더파일 열기
  17:../LIB_HW/Hw_I2C.c **** //
  18:../LIB_HW/Hw_I2C.c **** #define  HW_I2C_LOCAL
  19:../LIB_HW/Hw_I2C.c **** 
  20:../LIB_HW/Hw_I2C.c **** 
  21:../LIB_HW/Hw_I2C.c **** #include "Hw_I2C.h"
  22:../LIB_HW/Hw_I2C.c **** 
  23:../LIB_HW/Hw_I2C.c **** 
  24:../LIB_HW/Hw_I2C.c **** 
  25:../LIB_HW/Hw_I2C.c **** 
  26:../LIB_HW/Hw_I2C.c **** 
  27:../LIB_HW/Hw_I2C.c **** /*---------------------------------------------------------------------------
  28:../LIB_HW/Hw_I2C.c ****      TITLE   : Hw_I2C_Init
  29:../LIB_HW/Hw_I2C.c ****      WORK    : 
  30:../LIB_HW/Hw_I2C.c ****      ARG     : void
  31:../LIB_HW/Hw_I2C.c ****      RET     : void
  32:../LIB_HW/Hw_I2C.c **** ---------------------------------------------------------------------------*/
  33:../LIB_HW/Hw_I2C.c **** void Hw_I2C_Init( void )
  34:../LIB_HW/Hw_I2C.c **** {
  32              		.loc 1 34 0
  33              		.cfi_startproc
  34              		@ args = 0, pretend = 0, frame = 0
  35              		@ frame_needed = 0, uses_anonymous_args = 0
  36              		@ link register save eliminated.
  35:../LIB_HW/Hw_I2C.c **** }
  37              		.loc 1 35 0
  38 0000 7047     		bx	lr
  39              		.cfi_endproc
  40              	.LFE0:
  42 0002 00BF     		.text
  43              	.Letext0:
DEFINED SYMBOLS
                            *ABS*:00000000 Hw_I2C.c
C:\Users\CHOHAN~1\AppData\Local\Temp\ccEgIK9h.s:24     .text.Hw_I2C_Init:00000000 $t
C:\Users\CHOHAN~1\AppData\Local\Temp\ccEgIK9h.s:29     .text.Hw_I2C_Init:00000000 Hw_I2C_Init
                     .debug_frame:00000010 $d

NO UNDEFINED SYMBOLS
