   1              		.syntax unified
   2              		.cpu cortex-m3
   3              		.fpu softvfp
   4              		.eabi_attribute 20, 1
   5              		.eabi_attribute 21, 1
   6              		.eabi_attribute 23, 3
   7              		.eabi_attribute 24, 1
   8              		.eabi_attribute 25, 1
   9              		.eabi_attribute 26, 1
  10              		.eabi_attribute 30, 2
  11              		.eabi_attribute 18, 4
  12              		.thumb
  13              		.file	"Hw_ISR.c"
  21              	.Ltext0:
  22              		.cfi_sections	.debug_frame
  23              		.section	.text.Hw_ISR_Init,"ax",%progbits
  24              		.align	2
  25              		.global	Hw_ISR_Init
  26              		.thumb
  27              		.thumb_func
  29              	Hw_ISR_Init:
  30              	.LFB0:
  31              		.file 1 "../LIB_HW/Hw_ISR.c"
   1:../LIB_HW/Hw_ISR.c **** //----------------------------------------------------------------------------
   2:../LIB_HW/Hw_ISR.c **** //    프로그램명 	: ISR 관련 함수
   3:../LIB_HW/Hw_ISR.c **** //
   4:../LIB_HW/Hw_ISR.c **** //    만든이     	: 
   5:../LIB_HW/Hw_ISR.c **** //
   6:../LIB_HW/Hw_ISR.c **** //    날  짜     	: 
   7:../LIB_HW/Hw_ISR.c **** //    
   8:../LIB_HW/Hw_ISR.c **** //    최종 수정  	:
   9:../LIB_HW/Hw_ISR.c **** //
  10:../LIB_HW/Hw_ISR.c **** //    MPU_Type		:
  11:../LIB_HW/Hw_ISR.c **** //
  12:../LIB_HW/Hw_ISR.c **** //    파일명     	: Hw_ISR.c
  13:../LIB_HW/Hw_ISR.c **** //----------------------------------------------------------------------------
  14:../LIB_HW/Hw_ISR.c **** 
  15:../LIB_HW/Hw_ISR.c **** 
  16:../LIB_HW/Hw_ISR.c **** //----- 헤더파일 열기
  17:../LIB_HW/Hw_ISR.c **** //
  18:../LIB_HW/Hw_ISR.c **** #define  HW_ISR_LOCAL
  19:../LIB_HW/Hw_ISR.c **** 
  20:../LIB_HW/Hw_ISR.c **** 
  21:../LIB_HW/Hw_ISR.c **** #include "Hw_ISR.h"
  22:../LIB_HW/Hw_ISR.c **** 
  23:../LIB_HW/Hw_ISR.c **** 
  24:../LIB_HW/Hw_ISR.c **** //-- 인터럽트 벡터는 Offset은 128 word 단위로 정렬되어야함( 512 bytes 단위 )
  25:../LIB_HW/Hw_ISR.c **** //
  26:../LIB_HW/Hw_ISR.c **** volatile u32 Hw_ISR_VectorTable[100] __attribute__((aligned(512)));
  27:../LIB_HW/Hw_ISR.c **** 
  28:../LIB_HW/Hw_ISR.c **** 
  29:../LIB_HW/Hw_ISR.c **** 
  30:../LIB_HW/Hw_ISR.c **** 
  31:../LIB_HW/Hw_ISR.c **** /*---------------------------------------------------------------------------
  32:../LIB_HW/Hw_ISR.c ****      TITLE   : Hw_ISR_Init
  33:../LIB_HW/Hw_ISR.c ****      WORK    : 
  34:../LIB_HW/Hw_ISR.c ****      ARG     : void
  35:../LIB_HW/Hw_ISR.c ****      RET     : void
  36:../LIB_HW/Hw_ISR.c **** ---------------------------------------------------------------------------*/
  37:../LIB_HW/Hw_ISR.c **** void Hw_ISR_Init( void )
  38:../LIB_HW/Hw_ISR.c **** {
  32              		.loc 1 38 0
  33              		.cfi_startproc
  34              		@ args = 0, pretend = 0, frame = 0
  35              		@ frame_needed = 0, uses_anonymous_args = 0
  36              		@ link register save eliminated.
  39:../LIB_HW/Hw_ISR.c **** 	REG_SCB_VTOR = (u32)Hw_ISR_VectorTable;
  37              		.loc 1 39 0
  38 0000 014B     		ldr	r3, .L2
  39 0002 024A     		ldr	r2, .L2+4
  40 0004 1A60     		str	r2, [r3, #0]
  40:../LIB_HW/Hw_ISR.c **** }
  41              		.loc 1 40 0
  42 0006 7047     		bx	lr
  43              	.L3:
  44              		.align	2
  45              	.L2:
  46 0008 08ED00E0 		.word	-536810232
  47 000c 00000000 		.word	Hw_ISR_VectorTable
  48              		.cfi_endproc
  49              	.LFE0:
  51              		.section	.text.Hw_ISR_SetIRQFunc,"ax",%progbits
  52              		.align	2
  53              		.global	Hw_ISR_SetIRQFunc
  54              		.thumb
  55              		.thumb_func
  57              	Hw_ISR_SetIRQFunc:
  58              	.LFB1:
  41:../LIB_HW/Hw_ISR.c **** 
  42:../LIB_HW/Hw_ISR.c **** 
  43:../LIB_HW/Hw_ISR.c **** 
  44:../LIB_HW/Hw_ISR.c **** 
  45:../LIB_HW/Hw_ISR.c **** 
  46:../LIB_HW/Hw_ISR.c **** /*---------------------------------------------------------------------------
  47:../LIB_HW/Hw_ISR.c ****      TITLE   : Hw_ISR_SetIRQFunc
  48:../LIB_HW/Hw_ISR.c ****      WORK    :
  49:../LIB_HW/Hw_ISR.c ****      ARG     : 
  50:../LIB_HW/Hw_ISR.c ****      			u8  ISR_Num      : 인터럽트 번호
  51:../LIB_HW/Hw_ISR.c ****      			u32 FuncAddress  : 인터럽트 발생시 실행하고자 하는 함수 주소
  52:../LIB_HW/Hw_ISR.c ****      			u8  ISR_Priority : 인터럽트 우선순위(작은값이 우선순위 높음)
  53:../LIB_HW/Hw_ISR.c ****      RET     : void
  54:../LIB_HW/Hw_ISR.c **** ---------------------------------------------------------------------------*/
  55:../LIB_HW/Hw_ISR.c **** void Hw_ISR_SetIRQFunc( u8 ISR_Num, u32 FuncAddress, u8 ISR_Priority )
  56:../LIB_HW/Hw_ISR.c **** {	
  59              		.loc 1 56 0
  60              		.cfi_startproc
  61              		@ args = 0, pretend = 0, frame = 0
  62              		@ frame_needed = 0, uses_anonymous_args = 0
  63              		@ link register save eliminated.
  64              	.LVL0:
  57:../LIB_HW/Hw_ISR.c **** 	u32 ISR_StartOffset = 16;
  58:../LIB_HW/Hw_ISR.c **** 	
  59:../LIB_HW/Hw_ISR.c **** 	Hw_ISR_VectorTable[ ISR_StartOffset + ISR_Num ] = FuncAddress;	
  65              		.loc 1 59 0
  66 0000 024B     		ldr	r3, .L5
  67 0002 1030     		adds	r0, r0, #16
  68              	.LVL1:
  69 0004 43F82010 		str	r1, [r3, r0, lsl #2]
  60:../LIB_HW/Hw_ISR.c **** }
  70              		.loc 1 60 0
  71 0008 7047     		bx	lr
  72              	.L6:
  73 000a 00BF     		.align	2
  74              	.L5:
  75 000c 00000000 		.word	Hw_ISR_VectorTable
  76              		.cfi_endproc
  77              	.LFE1:
  79              		.comm	Hw_ISR_VectorTable,400,512
  80              		.text
  81              	.Letext0:
DEFINED SYMBOLS
                            *ABS*:00000000 Hw_ISR.c
C:\Users\CHOHAN~1\AppData\Local\Temp\ccmBcg3o.s:24     .text.Hw_ISR_Init:00000000 $t
C:\Users\CHOHAN~1\AppData\Local\Temp\ccmBcg3o.s:29     .text.Hw_ISR_Init:00000000 Hw_ISR_Init
C:\Users\CHOHAN~1\AppData\Local\Temp\ccmBcg3o.s:46     .text.Hw_ISR_Init:00000008 $d
                            *COM*:00000190 Hw_ISR_VectorTable
C:\Users\CHOHAN~1\AppData\Local\Temp\ccmBcg3o.s:52     .text.Hw_ISR_SetIRQFunc:00000000 $t
C:\Users\CHOHAN~1\AppData\Local\Temp\ccmBcg3o.s:57     .text.Hw_ISR_SetIRQFunc:00000000 Hw_ISR_SetIRQFunc
C:\Users\CHOHAN~1\AppData\Local\Temp\ccmBcg3o.s:75     .text.Hw_ISR_SetIRQFunc:0000000c $d
                     .debug_frame:00000010 $d

NO UNDEFINED SYMBOLS
